2021-03-16 08:07:17,239 - multipart.multipart - DEBUG - Calling on_part_begin with no data
2021-03-16 08:07:17,240 - multipart.multipart - DEBUG - Calling on_header_field with data[42:61]
2021-03-16 08:07:17,241 - multipart.multipart - DEBUG - Calling on_header_value with data[63:139]
2021-03-16 08:07:17,241 - multipart.multipart - DEBUG - Calling on_header_end with no data
2021-03-16 08:07:17,242 - multipart.multipart - DEBUG - Calling on_header_field with data[141:153]
2021-03-16 08:07:17,242 - multipart.multipart - DEBUG - Calling on_header_value with data[155:170]
2021-03-16 08:07:17,242 - multipart.multipart - DEBUG - Calling on_header_end with no data
2021-03-16 08:07:17,242 - multipart.multipart - DEBUG - Calling on_headers_finished with no data
2021-03-16 08:07:17,243 - multipart.multipart - DEBUG - Calling on_part_data with data[174:3346]
2021-03-16 08:07:17,243 - multipart.multipart - DEBUG - Calling on_part_data with data[0:2]
2021-03-16 08:07:17,244 - multipart.multipart - DEBUG - Calling on_part_data with data[3348:3390]
2021-03-16 08:07:17,244 - multipart.multipart - DEBUG - Calling on_part_data with data[0:2]
2021-03-16 08:07:17,244 - multipart.multipart - DEBUG - Calling on_part_data with data[3392:5265]
2021-03-16 08:07:17,244 - multipart.multipart - DEBUG - Calling on_part_data with data[0:2]
2021-03-16 08:07:17,244 - multipart.multipart - DEBUG - Calling on_part_data with data[5267:6251]
2021-03-16 08:07:17,245 - multipart.multipart - DEBUG - Calling on_part_data with data[0:1]
2021-03-16 08:07:17,245 - multipart.multipart - DEBUG - Calling on_part_data with data[6252:7910]
2021-03-16 08:07:17,245 - multipart.multipart - DEBUG - Calling on_part_data with data[0:2]
2021-03-16 08:07:17,245 - multipart.multipart - DEBUG - Calling on_part_data with data[7912:8206]
2021-03-16 08:07:17,245 - multipart.multipart - DEBUG - Calling on_part_data with data[0:2]
2021-03-16 08:07:17,246 - multipart.multipart - DEBUG - Calling on_part_data with data[8208:8339]
2021-03-16 08:07:17,246 - multipart.multipart - DEBUG - Calling on_part_data with data[0:2]
2021-03-16 08:07:17,246 - multipart.multipart - DEBUG - Calling on_part_data with data[8341:8385]
2021-03-16 08:07:17,246 - multipart.multipart - DEBUG - Calling on_part_data with data[0:2]
2021-03-16 08:07:17,246 - multipart.multipart - DEBUG - Calling on_part_data with data[8387:9406]
2021-03-16 08:07:17,246 - multipart.multipart - DEBUG - Calling on_part_data with data[0:2]
2021-03-16 08:07:17,247 - multipart.multipart - DEBUG - Calling on_part_data with data[9408:16384]
2021-03-16 08:07:17,250 - multipart.multipart - DEBUG - Calling on_part_data with data[0:33544]
2021-03-16 08:07:17,250 - multipart.multipart - DEBUG - Calling on_part_data with data[0:2]
2021-03-16 08:07:17,251 - multipart.multipart - DEBUG - Calling on_part_data with data[33546:50367]
2021-03-16 08:07:17,251 - multipart.multipart - DEBUG - Calling on_part_data with data[0:2]
2021-03-16 08:07:17,252 - multipart.multipart - DEBUG - Calling on_part_data with data[50369:50411]
2021-03-16 08:07:17,252 - multipart.multipart - DEBUG - Calling on_part_data with data[0:2]
2021-03-16 08:07:17,252 - multipart.multipart - DEBUG - Calling on_part_data with data[50413:50509]
2021-03-16 08:07:17,252 - multipart.multipart - DEBUG - Calling on_part_data with data[0:2]
2021-03-16 08:07:17,252 - multipart.multipart - DEBUG - Calling on_part_data with data[50511:50649]
2021-03-16 08:07:17,252 - multipart.multipart - DEBUG - Calling on_part_data with data[0:2]
2021-03-16 08:07:17,253 - multipart.multipart - DEBUG - Calling on_part_data with data[50651:50829]
2021-03-16 08:07:17,253 - multipart.multipart - DEBUG - Calling on_part_data with data[0:2]
2021-03-16 08:07:17,253 - multipart.multipart - DEBUG - Calling on_part_data with data[50831:50969]
2021-03-16 08:07:17,253 - multipart.multipart - DEBUG - Calling on_part_data with data[0:2]
2021-03-16 08:07:17,253 - multipart.multipart - DEBUG - Calling on_part_data with data[50971:51149]
2021-03-16 08:07:17,253 - multipart.multipart - DEBUG - Calling on_part_data with data[0:2]
2021-03-16 08:07:17,254 - multipart.multipart - DEBUG - Calling on_part_data with data[51151:51372]
2021-03-16 08:07:17,254 - multipart.multipart - DEBUG - Calling on_part_data with data[0:2]
2021-03-16 08:07:17,254 - multipart.multipart - DEBUG - Calling on_part_data with data[51374:51379]
2021-03-16 08:07:17,254 - multipart.multipart - DEBUG - Calling on_part_data with data[0:2]
2021-03-16 08:07:17,255 - multipart.multipart - DEBUG - Calling on_part_end with no data
2021-03-16 08:07:17,255 - multipart.multipart - DEBUG - Calling on_end with no data
2021-03-16 08:11:46,295 - multipart.multipart - DEBUG - Calling on_part_begin with no data
2021-03-16 08:11:46,297 - multipart.multipart - DEBUG - Calling on_header_field with data[42:61]
2021-03-16 08:11:46,297 - multipart.multipart - DEBUG - Calling on_header_value with data[63:112]
2021-03-16 08:11:46,297 - multipart.multipart - DEBUG - Calling on_header_end with no data
2021-03-16 08:11:46,298 - multipart.multipart - DEBUG - Calling on_header_field with data[114:126]
2021-03-16 08:11:46,298 - multipart.multipart - DEBUG - Calling on_header_value with data[128:136]
2021-03-16 08:11:46,298 - multipart.multipart - DEBUG - Calling on_header_end with no data
2021-03-16 08:11:46,298 - multipart.multipart - DEBUG - Calling on_headers_finished with no data
2021-03-16 08:11:46,298 - multipart.multipart - DEBUG - Calling on_part_data with data[140:788]
2021-03-16 08:11:46,299 - multipart.multipart - DEBUG - Calling on_part_data with data[0:2]
2021-03-16 08:11:46,299 - multipart.multipart - DEBUG - Calling on_part_data with data[790:1054]
2021-03-16 08:11:46,299 - multipart.multipart - DEBUG - Calling on_part_data with data[0:2]
2021-03-16 08:11:46,299 - multipart.multipart - DEBUG - Calling on_part_data with data[1056:1067]
2021-03-16 08:11:46,300 - multipart.multipart - DEBUG - Calling on_part_end with no data
2021-03-16 08:11:46,300 - multipart.multipart - DEBUG - Calling on_end with no data
2021-03-16 08:12:58,648 - multipart.multipart - DEBUG - Calling on_part_begin with no data
2021-03-16 08:12:58,650 - multipart.multipart - DEBUG - Calling on_header_field with data[42:61]
2021-03-16 08:12:58,650 - multipart.multipart - DEBUG - Calling on_header_value with data[63:112]
2021-03-16 08:12:58,650 - multipart.multipart - DEBUG - Calling on_header_end with no data
2021-03-16 08:12:58,651 - multipart.multipart - DEBUG - Calling on_header_field with data[114:126]
2021-03-16 08:12:58,651 - multipart.multipart - DEBUG - Calling on_header_value with data[128:136]
2021-03-16 08:12:58,651 - multipart.multipart - DEBUG - Calling on_header_end with no data
2021-03-16 08:12:58,652 - multipart.multipart - DEBUG - Calling on_headers_finished with no data
2021-03-16 08:12:58,652 - multipart.multipart - DEBUG - Calling on_part_data with data[140:614]
2021-03-16 08:12:58,652 - multipart.multipart - DEBUG - Calling on_part_data with data[0:2]
2021-03-16 08:12:58,652 - multipart.multipart - DEBUG - Calling on_part_data with data[616:788]
2021-03-16 08:12:58,653 - multipart.multipart - DEBUG - Calling on_part_data with data[0:2]
2021-03-16 08:12:58,653 - multipart.multipart - DEBUG - Calling on_part_data with data[790:833]
2021-03-16 08:12:58,653 - multipart.multipart - DEBUG - Calling on_part_data with data[0:2]
2021-03-16 08:12:58,653 - multipart.multipart - DEBUG - Calling on_part_data with data[835:1054]
2021-03-16 08:12:58,653 - multipart.multipart - DEBUG - Calling on_part_data with data[0:2]
2021-03-16 08:12:58,654 - multipart.multipart - DEBUG - Calling on_part_data with data[1056:1067]
2021-03-16 08:12:58,654 - multipart.multipart - DEBUG - Calling on_part_end with no data
2021-03-16 08:12:58,654 - multipart.multipart - DEBUG - Calling on_end with no data
2021-03-16 08:15:26,587 - multipart.multipart - DEBUG - Calling on_part_begin with no data
2021-03-16 08:15:26,589 - multipart.multipart - DEBUG - Calling on_header_field with data[42:61]
2021-03-16 08:15:26,589 - multipart.multipart - DEBUG - Calling on_header_value with data[63:112]
2021-03-16 08:15:26,589 - multipart.multipart - DEBUG - Calling on_header_end with no data
2021-03-16 08:15:26,590 - multipart.multipart - DEBUG - Calling on_header_field with data[114:126]
2021-03-16 08:15:26,590 - multipart.multipart - DEBUG - Calling on_header_value with data[128:136]
2021-03-16 08:15:26,590 - multipart.multipart - DEBUG - Calling on_header_end with no data
2021-03-16 08:15:26,591 - multipart.multipart - DEBUG - Calling on_headers_finished with no data
2021-03-16 08:15:26,591 - multipart.multipart - DEBUG - Calling on_part_data with data[140:788]
2021-03-16 08:15:26,591 - multipart.multipart - DEBUG - Calling on_part_data with data[0:2]
2021-03-16 08:15:26,592 - multipart.multipart - DEBUG - Calling on_part_data with data[790:1054]
2021-03-16 08:15:26,592 - multipart.multipart - DEBUG - Calling on_part_data with data[0:2]
2021-03-16 08:15:26,592 - multipart.multipart - DEBUG - Calling on_part_data with data[1056:1067]
2021-03-16 08:15:26,593 - multipart.multipart - DEBUG - Calling on_part_end with no data
2021-03-16 08:15:26,593 - multipart.multipart - DEBUG - Calling on_end with no data
2021-03-16 08:16:35,354 - multipart.multipart - DEBUG - Calling on_part_begin with no data
2021-03-16 08:16:35,355 - multipart.multipart - DEBUG - Calling on_header_field with data[42:61]
2021-03-16 08:16:35,355 - multipart.multipart - DEBUG - Calling on_header_value with data[63:112]
2021-03-16 08:16:35,356 - multipart.multipart - DEBUG - Calling on_header_end with no data
2021-03-16 08:16:35,356 - multipart.multipart - DEBUG - Calling on_header_field with data[114:126]
2021-03-16 08:16:35,356 - multipart.multipart - DEBUG - Calling on_header_value with data[128:136]
2021-03-16 08:16:35,356 - multipart.multipart - DEBUG - Calling on_header_end with no data
2021-03-16 08:16:35,356 - multipart.multipart - DEBUG - Calling on_headers_finished with no data
2021-03-16 08:16:35,357 - multipart.multipart - DEBUG - Calling on_part_data with data[140:788]
2021-03-16 08:16:35,357 - multipart.multipart - DEBUG - Calling on_part_data with data[0:2]
2021-03-16 08:16:35,357 - multipart.multipart - DEBUG - Calling on_part_data with data[790:1054]
2021-03-16 08:16:35,357 - multipart.multipart - DEBUG - Calling on_part_data with data[0:2]
2021-03-16 08:16:35,357 - multipart.multipart - DEBUG - Calling on_part_data with data[1056:1067]
2021-03-16 08:16:35,358 - multipart.multipart - DEBUG - Calling on_part_end with no data
2021-03-16 08:16:35,358 - multipart.multipart - DEBUG - Calling on_end with no data
2021-03-16 09:29:19,774 - multipart.multipart - DEBUG - Calling on_part_begin with no data
2021-03-16 09:29:19,776 - multipart.multipart - DEBUG - Calling on_header_field with data[42:61]
2021-03-16 09:29:19,777 - multipart.multipart - DEBUG - Calling on_header_value with data[63:112]
2021-03-16 09:29:19,777 - multipart.multipart - DEBUG - Calling on_header_end with no data
2021-03-16 09:29:19,778 - multipart.multipart - DEBUG - Calling on_header_field with data[114:126]
2021-03-16 09:29:19,778 - multipart.multipart - DEBUG - Calling on_header_value with data[128:136]
2021-03-16 09:29:19,779 - multipart.multipart - DEBUG - Calling on_header_end with no data
2021-03-16 09:29:19,779 - multipart.multipart - DEBUG - Calling on_headers_finished with no data
2021-03-16 09:29:19,780 - multipart.multipart - DEBUG - Calling on_part_data with data[140:614]
2021-03-16 09:29:19,780 - multipart.multipart - DEBUG - Calling on_part_data with data[0:2]
2021-03-16 09:29:19,781 - multipart.multipart - DEBUG - Calling on_part_data with data[616:788]
2021-03-16 09:29:19,781 - multipart.multipart - DEBUG - Calling on_part_data with data[0:2]
2021-03-16 09:29:19,782 - multipart.multipart - DEBUG - Calling on_part_data with data[790:833]
2021-03-16 09:29:19,782 - multipart.multipart - DEBUG - Calling on_part_data with data[0:2]
2021-03-16 09:29:19,782 - multipart.multipart - DEBUG - Calling on_part_data with data[835:1054]
2021-03-16 09:29:19,783 - multipart.multipart - DEBUG - Calling on_part_data with data[0:2]
2021-03-16 09:29:19,783 - multipart.multipart - DEBUG - Calling on_part_data with data[1056:1067]
2021-03-16 09:29:19,785 - multipart.multipart - DEBUG - Calling on_part_end with no data
2021-03-16 09:29:19,785 - multipart.multipart - DEBUG - Calling on_end with no data
2021-03-16 09:29:27,505 - multipart.multipart - DEBUG - Calling on_part_begin with no data
2021-03-16 09:29:27,505 - multipart.multipart - DEBUG - Calling on_header_field with data[42:61]
2021-03-16 09:29:27,505 - multipart.multipart - DEBUG - Calling on_header_value with data[63:112]
2021-03-16 09:29:27,506 - multipart.multipart - DEBUG - Calling on_header_end with no data
2021-03-16 09:29:27,506 - multipart.multipart - DEBUG - Calling on_header_field with data[114:126]
2021-03-16 09:29:27,506 - multipart.multipart - DEBUG - Calling on_header_value with data[128:136]
2021-03-16 09:29:27,506 - multipart.multipart - DEBUG - Calling on_header_end with no data
2021-03-16 09:29:27,506 - multipart.multipart - DEBUG - Calling on_headers_finished with no data
2021-03-16 09:29:27,507 - multipart.multipart - DEBUG - Calling on_part_data with data[140:788]
2021-03-16 09:29:27,507 - multipart.multipart - DEBUG - Calling on_part_data with data[0:2]
2021-03-16 09:29:27,507 - multipart.multipart - DEBUG - Calling on_part_data with data[790:833]
2021-03-16 09:29:27,507 - multipart.multipart - DEBUG - Calling on_part_data with data[0:2]
2021-03-16 09:29:27,508 - multipart.multipart - DEBUG - Calling on_part_data with data[835:1054]
2021-03-16 09:29:27,508 - multipart.multipart - DEBUG - Calling on_part_data with data[0:2]
2021-03-16 09:29:27,508 - multipart.multipart - DEBUG - Calling on_part_data with data[1056:1067]
2021-03-16 09:29:27,509 - multipart.multipart - DEBUG - Calling on_part_end with no data
2021-03-16 09:29:27,509 - multipart.multipart - DEBUG - Calling on_end with no data
2021-03-16 09:29:42,907 - multipart.multipart - DEBUG - Calling on_part_begin with no data
2021-03-16 09:29:42,907 - multipart.multipart - DEBUG - Calling on_header_field with data[42:61]
2021-03-16 09:29:42,907 - multipart.multipart - DEBUG - Calling on_header_value with data[63:112]
2021-03-16 09:29:42,908 - multipart.multipart - DEBUG - Calling on_header_end with no data
2021-03-16 09:29:42,908 - multipart.multipart - DEBUG - Calling on_header_field with data[114:126]
2021-03-16 09:29:42,908 - multipart.multipart - DEBUG - Calling on_header_value with data[128:136]
2021-03-16 09:29:42,908 - multipart.multipart - DEBUG - Calling on_header_end with no data
2021-03-16 09:29:42,908 - multipart.multipart - DEBUG - Calling on_headers_finished with no data
2021-03-16 09:29:42,909 - multipart.multipart - DEBUG - Calling on_part_data with data[140:788]
2021-03-16 09:29:42,909 - multipart.multipart - DEBUG - Calling on_part_data with data[0:2]
2021-03-16 09:29:42,909 - multipart.multipart - DEBUG - Calling on_part_data with data[790:1054]
2021-03-16 09:29:42,909 - multipart.multipart - DEBUG - Calling on_part_data with data[0:2]
2021-03-16 09:29:42,909 - multipart.multipart - DEBUG - Calling on_part_data with data[1056:1067]
2021-03-16 09:29:42,910 - multipart.multipart - DEBUG - Calling on_part_end with no data
2021-03-16 09:29:42,910 - multipart.multipart - DEBUG - Calling on_end with no data
2021-03-16 09:30:27,199 - multipart.multipart - DEBUG - Calling on_part_begin with no data
2021-03-16 09:30:27,199 - multipart.multipart - DEBUG - Calling on_header_field with data[42:61]
2021-03-16 09:30:27,200 - multipart.multipart - DEBUG - Calling on_header_value with data[63:112]
2021-03-16 09:30:27,200 - multipart.multipart - DEBUG - Calling on_header_end with no data
2021-03-16 09:30:27,200 - multipart.multipart - DEBUG - Calling on_header_field with data[114:126]
2021-03-16 09:30:27,201 - multipart.multipart - DEBUG - Calling on_header_value with data[128:136]
2021-03-16 09:30:27,201 - multipart.multipart - DEBUG - Calling on_header_end with no data
2021-03-16 09:30:27,201 - multipart.multipart - DEBUG - Calling on_headers_finished with no data
2021-03-16 09:30:27,201 - multipart.multipart - DEBUG - Calling on_part_data with data[140:788]
2021-03-16 09:30:27,201 - multipart.multipart - DEBUG - Calling on_part_data with data[0:2]
2021-03-16 09:30:27,202 - multipart.multipart - DEBUG - Calling on_part_data with data[790:1054]
2021-03-16 09:30:27,202 - multipart.multipart - DEBUG - Calling on_part_data with data[0:2]
2021-03-16 09:30:27,202 - multipart.multipart - DEBUG - Calling on_part_data with data[1056:1067]
2021-03-16 09:30:27,203 - multipart.multipart - DEBUG - Calling on_part_end with no data
2021-03-16 09:30:27,203 - multipart.multipart - DEBUG - Calling on_end with no data
2021-03-16 09:32:51,933 - multipart.multipart - DEBUG - Calling on_part_begin with no data
2021-03-16 09:32:51,933 - multipart.multipart - DEBUG - Calling on_header_field with data[42:61]
2021-03-16 09:32:51,934 - multipart.multipart - DEBUG - Calling on_header_value with data[63:120]
2021-03-16 09:32:51,934 - multipart.multipart - DEBUG - Calling on_header_end with no data
2021-03-16 09:32:51,934 - multipart.multipart - DEBUG - Calling on_header_field with data[122:134]
2021-03-16 09:32:51,934 - multipart.multipart - DEBUG - Calling on_header_value with data[136:144]
2021-03-16 09:32:51,934 - multipart.multipart - DEBUG - Calling on_header_end with no data
2021-03-16 09:32:51,934 - multipart.multipart - DEBUG - Calling on_headers_finished with no data
2021-03-16 09:32:51,935 - multipart.multipart - DEBUG - Calling on_part_data with data[148:923]
2021-03-16 09:32:51,935 - multipart.multipart - DEBUG - Calling on_part_data with data[0:2]
2021-03-16 09:32:51,935 - multipart.multipart - DEBUG - Calling on_part_data with data[925:1736]
2021-03-16 09:32:51,936 - multipart.multipart - DEBUG - Calling on_part_data with data[0:2]
2021-03-16 09:32:51,936 - multipart.multipart - DEBUG - Calling on_part_data with data[1738:1784]
2021-03-16 09:32:51,936 - multipart.multipart - DEBUG - Calling on_part_data with data[0:2]
2021-03-16 09:32:51,937 - multipart.multipart - DEBUG - Calling on_part_data with data[1786:1797]
2021-03-16 09:32:51,937 - multipart.multipart - DEBUG - Calling on_part_data with data[0:2]
2021-03-16 09:32:51,937 - multipart.multipart - DEBUG - Calling on_part_data with data[1799:1810]
2021-03-16 09:32:51,937 - multipart.multipart - DEBUG - Calling on_part_end with no data
2021-03-16 09:32:51,938 - multipart.multipart - DEBUG - Calling on_end with no data
2021-03-16 09:35:34,434 - multipart.multipart - DEBUG - Calling on_part_begin with no data
2021-03-16 09:35:34,436 - multipart.multipart - DEBUG - Calling on_header_field with data[42:61]
2021-03-16 09:35:34,436 - multipart.multipart - DEBUG - Calling on_header_value with data[63:120]
2021-03-16 09:35:34,436 - multipart.multipart - DEBUG - Calling on_header_end with no data
2021-03-16 09:35:34,437 - multipart.multipart - DEBUG - Calling on_header_field with data[122:134]
2021-03-16 09:35:34,437 - multipart.multipart - DEBUG - Calling on_header_value with data[136:144]
2021-03-16 09:35:34,437 - multipart.multipart - DEBUG - Calling on_header_end with no data
2021-03-16 09:35:34,437 - multipart.multipart - DEBUG - Calling on_headers_finished with no data
2021-03-16 09:35:34,438 - multipart.multipart - DEBUG - Calling on_part_data with data[148:622]
2021-03-16 09:35:34,438 - multipart.multipart - DEBUG - Calling on_part_data with data[0:2]
2021-03-16 09:35:34,438 - multipart.multipart - DEBUG - Calling on_part_data with data[624:1531]
2021-03-16 09:35:34,439 - multipart.multipart - DEBUG - Calling on_part_data with data[0:2]
2021-03-16 09:35:34,439 - multipart.multipart - DEBUG - Calling on_part_data with data[1533:1797]
2021-03-16 09:35:34,439 - multipart.multipart - DEBUG - Calling on_part_data with data[0:2]
2021-03-16 09:35:34,439 - multipart.multipart - DEBUG - Calling on_part_data with data[1799:1810]
2021-03-16 09:35:34,440 - multipart.multipart - DEBUG - Calling on_part_end with no data
2021-03-16 09:35:34,440 - multipart.multipart - DEBUG - Calling on_end with no data
2021-03-16 09:35:46,477 - multipart.multipart - DEBUG - Calling on_part_begin with no data
2021-03-16 09:35:46,477 - multipart.multipart - DEBUG - Calling on_header_field with data[42:61]
2021-03-16 09:35:46,477 - multipart.multipart - DEBUG - Calling on_header_value with data[63:120]
2021-03-16 09:35:46,478 - multipart.multipart - DEBUG - Calling on_header_end with no data
2021-03-16 09:35:46,478 - multipart.multipart - DEBUG - Calling on_header_field with data[122:134]
2021-03-16 09:35:46,478 - multipart.multipart - DEBUG - Calling on_header_value with data[136:144]
2021-03-16 09:35:46,478 - multipart.multipart - DEBUG - Calling on_header_end with no data
2021-03-16 09:35:46,478 - multipart.multipart - DEBUG - Calling on_headers_finished with no data
2021-03-16 09:35:46,479 - multipart.multipart - DEBUG - Calling on_part_data with data[148:622]
2021-03-16 09:35:46,479 - multipart.multipart - DEBUG - Calling on_part_data with data[0:2]
2021-03-16 09:35:46,479 - multipart.multipart - DEBUG - Calling on_part_data with data[624:1531]
2021-03-16 09:35:46,479 - multipart.multipart - DEBUG - Calling on_part_data with data[0:2]
2021-03-16 09:35:46,480 - multipart.multipart - DEBUG - Calling on_part_data with data[1533:1797]
2021-03-16 09:35:46,480 - multipart.multipart - DEBUG - Calling on_part_data with data[0:2]
2021-03-16 09:35:46,480 - multipart.multipart - DEBUG - Calling on_part_data with data[1799:1810]
2021-03-16 09:35:46,480 - multipart.multipart - DEBUG - Calling on_part_end with no data
2021-03-16 09:35:46,481 - multipart.multipart - DEBUG - Calling on_end with no data
2021-03-16 09:35:53,387 - multipart.multipart - DEBUG - Calling on_part_begin with no data
2021-03-16 09:35:53,387 - multipart.multipart - DEBUG - Calling on_header_field with data[42:61]
2021-03-16 09:35:53,387 - multipart.multipart - DEBUG - Calling on_header_value with data[63:120]
2021-03-16 09:35:53,388 - multipart.multipart - DEBUG - Calling on_header_end with no data
2021-03-16 09:35:53,388 - multipart.multipart - DEBUG - Calling on_header_field with data[122:134]
2021-03-16 09:35:53,388 - multipart.multipart - DEBUG - Calling on_header_value with data[136:144]
2021-03-16 09:35:53,388 - multipart.multipart - DEBUG - Calling on_header_end with no data
2021-03-16 09:35:53,388 - multipart.multipart - DEBUG - Calling on_headers_finished with no data
2021-03-16 09:35:53,389 - multipart.multipart - DEBUG - Calling on_part_data with data[148:923]
2021-03-16 09:35:53,389 - multipart.multipart - DEBUG - Calling on_part_data with data[0:2]
2021-03-16 09:35:53,389 - multipart.multipart - DEBUG - Calling on_part_data with data[925:1435]
2021-03-16 09:35:53,390 - multipart.multipart - DEBUG - Calling on_part_data with data[0:2]
2021-03-16 09:35:53,390 - multipart.multipart - DEBUG - Calling on_part_data with data[1437:1531]
2021-03-16 09:35:53,390 - multipart.multipart - DEBUG - Calling on_part_data with data[0:2]
2021-03-16 09:35:53,390 - multipart.multipart - DEBUG - Calling on_part_data with data[1533:1797]
2021-03-16 09:35:53,390 - multipart.multipart - DEBUG - Calling on_part_data with data[0:2]
2021-03-16 09:35:53,391 - multipart.multipart - DEBUG - Calling on_part_data with data[1799:1810]
2021-03-16 09:35:53,391 - multipart.multipart - DEBUG - Calling on_part_end with no data
2021-03-16 09:35:53,392 - multipart.multipart - DEBUG - Calling on_end with no data
2021-03-16 09:36:43,466 - multipart.multipart - DEBUG - Calling on_part_begin with no data
2021-03-16 09:36:43,468 - multipart.multipart - DEBUG - Calling on_header_field with data[42:61]
2021-03-16 09:36:43,468 - multipart.multipart - DEBUG - Calling on_header_value with data[63:120]
2021-03-16 09:36:43,469 - multipart.multipart - DEBUG - Calling on_header_end with no data
2021-03-16 09:36:43,469 - multipart.multipart - DEBUG - Calling on_header_field with data[122:134]
2021-03-16 09:36:43,469 - multipart.multipart - DEBUG - Calling on_header_value with data[136:144]
2021-03-16 09:36:43,469 - multipart.multipart - DEBUG - Calling on_header_end with no data
2021-03-16 09:36:43,470 - multipart.multipart - DEBUG - Calling on_headers_finished with no data
2021-03-16 09:36:43,470 - multipart.multipart - DEBUG - Calling on_part_data with data[148:622]
2021-03-16 09:36:43,470 - multipart.multipart - DEBUG - Calling on_part_data with data[0:2]
2021-03-16 09:36:43,470 - multipart.multipart - DEBUG - Calling on_part_data with data[624:1531]
2021-03-16 09:36:43,471 - multipart.multipart - DEBUG - Calling on_part_data with data[0:2]
2021-03-16 09:36:43,471 - multipart.multipart - DEBUG - Calling on_part_data with data[1533:1576]
2021-03-16 09:36:43,471 - multipart.multipart - DEBUG - Calling on_part_data with data[0:2]
2021-03-16 09:36:43,471 - multipart.multipart - DEBUG - Calling on_part_data with data[1578:1797]
2021-03-16 09:36:43,471 - multipart.multipart - DEBUG - Calling on_part_data with data[0:2]
2021-03-16 09:36:43,472 - multipart.multipart - DEBUG - Calling on_part_data with data[1799:1810]
2021-03-16 09:36:43,472 - multipart.multipart - DEBUG - Calling on_part_end with no data
2021-03-16 09:36:43,472 - multipart.multipart - DEBUG - Calling on_end with no data
2021-03-16 09:36:52,898 - multipart.multipart - DEBUG - Calling on_part_begin with no data
2021-03-16 09:36:52,898 - multipart.multipart - DEBUG - Calling on_header_field with data[42:61]
2021-03-16 09:36:52,898 - multipart.multipart - DEBUG - Calling on_header_value with data[63:120]
2021-03-16 09:36:52,898 - multipart.multipart - DEBUG - Calling on_header_end with no data
2021-03-16 09:36:52,899 - multipart.multipart - DEBUG - Calling on_header_field with data[122:134]
2021-03-16 09:36:52,899 - multipart.multipart - DEBUG - Calling on_header_value with data[136:144]
2021-03-16 09:36:52,899 - multipart.multipart - DEBUG - Calling on_header_end with no data
2021-03-16 09:36:52,899 - multipart.multipart - DEBUG - Calling on_headers_finished with no data
2021-03-16 09:36:52,899 - multipart.multipart - DEBUG - Calling on_part_data with data[148:622]
2021-03-16 09:36:52,899 - multipart.multipart - DEBUG - Calling on_part_data with data[0:2]
2021-03-16 09:36:52,900 - multipart.multipart - DEBUG - Calling on_part_data with data[624:982]
2021-03-16 09:36:52,900 - multipart.multipart - DEBUG - Calling on_part_data with data[0:2]
2021-03-16 09:36:52,900 - multipart.multipart - DEBUG - Calling on_part_data with data[984:1031]
2021-03-16 09:36:52,900 - multipart.multipart - DEBUG - Calling on_part_data with data[0:2]
2021-03-16 09:36:52,901 - multipart.multipart - DEBUG - Calling on_part_data with data[1033:1509]
2021-03-16 09:36:52,901 - multipart.multipart - DEBUG - Calling on_part_data with data[0:2]
2021-03-16 09:36:52,901 - multipart.multipart - DEBUG - Calling on_part_data with data[1511:1736]
2021-03-16 09:36:52,901 - multipart.multipart - DEBUG - Calling on_part_data with data[0:2]
2021-03-16 09:36:52,901 - multipart.multipart - DEBUG - Calling on_part_data with data[1738:1784]
2021-03-16 09:36:52,901 - multipart.multipart - DEBUG - Calling on_part_data with data[0:2]
2021-03-16 09:36:52,902 - multipart.multipart - DEBUG - Calling on_part_data with data[1786:1797]
2021-03-16 09:36:52,902 - multipart.multipart - DEBUG - Calling on_part_data with data[0:2]
2021-03-16 09:36:52,902 - multipart.multipart - DEBUG - Calling on_part_data with data[1799:1810]
2021-03-16 09:36:52,903 - multipart.multipart - DEBUG - Calling on_part_end with no data
2021-03-16 09:36:52,903 - multipart.multipart - DEBUG - Calling on_end with no data
2021-03-16 09:37:20,749 - multipart.multipart - DEBUG - Calling on_part_begin with no data
2021-03-16 09:37:20,750 - multipart.multipart - DEBUG - Calling on_header_field with data[42:61]
2021-03-16 09:37:20,750 - multipart.multipart - DEBUG - Calling on_header_value with data[63:120]
2021-03-16 09:37:20,750 - multipart.multipart - DEBUG - Calling on_header_end with no data
2021-03-16 09:37:20,751 - multipart.multipart - DEBUG - Calling on_header_field with data[122:134]
2021-03-16 09:37:20,751 - multipart.multipart - DEBUG - Calling on_header_value with data[136:144]
2021-03-16 09:37:20,751 - multipart.multipart - DEBUG - Calling on_header_end with no data
2021-03-16 09:37:20,751 - multipart.multipart - DEBUG - Calling on_headers_finished with no data
2021-03-16 09:37:20,752 - multipart.multipart - DEBUG - Calling on_part_data with data[148:622]
2021-03-16 09:37:20,752 - multipart.multipart - DEBUG - Calling on_part_data with data[0:2]
2021-03-16 09:37:20,753 - multipart.multipart - DEBUG - Calling on_part_data with data[624:1531]
2021-03-16 09:37:20,753 - multipart.multipart - DEBUG - Calling on_part_data with data[0:2]
2021-03-16 09:37:20,754 - multipart.multipart - DEBUG - Calling on_part_data with data[1533:1797]
2021-03-16 09:37:20,754 - multipart.multipart - DEBUG - Calling on_part_data with data[0:2]
2021-03-16 09:37:20,754 - multipart.multipart - DEBUG - Calling on_part_data with data[1799:1810]
2021-03-16 09:37:20,755 - multipart.multipart - DEBUG - Calling on_part_end with no data
2021-03-16 09:37:20,756 - multipart.multipart - DEBUG - Calling on_end with no data
2021-03-16 09:41:27,295 - multipart.multipart - DEBUG - Calling on_part_begin with no data
2021-03-16 09:41:27,297 - multipart.multipart - DEBUG - Calling on_header_field with data[42:61]
2021-03-16 09:41:27,298 - multipart.multipart - DEBUG - Calling on_header_value with data[63:120]
2021-03-16 09:41:27,298 - multipart.multipart - DEBUG - Calling on_header_end with no data
2021-03-16 09:41:27,298 - multipart.multipart - DEBUG - Calling on_header_field with data[122:134]
2021-03-16 09:41:27,299 - multipart.multipart - DEBUG - Calling on_header_value with data[136:144]
2021-03-16 09:41:27,299 - multipart.multipart - DEBUG - Calling on_header_end with no data
2021-03-16 09:41:27,299 - multipart.multipart - DEBUG - Calling on_headers_finished with no data
2021-03-16 09:41:27,300 - multipart.multipart - DEBUG - Calling on_part_data with data[148:622]
2021-03-16 09:41:27,300 - multipart.multipart - DEBUG - Calling on_part_data with data[0:2]
2021-03-16 09:41:27,300 - multipart.multipart - DEBUG - Calling on_part_data with data[624:1531]
2021-03-16 09:41:27,301 - multipart.multipart - DEBUG - Calling on_part_data with data[0:2]
2021-03-16 09:41:27,301 - multipart.multipart - DEBUG - Calling on_part_data with data[1533:1797]
2021-03-16 09:41:27,301 - multipart.multipart - DEBUG - Calling on_part_data with data[0:2]
2021-03-16 09:41:27,301 - multipart.multipart - DEBUG - Calling on_part_data with data[1799:1810]
2021-03-16 09:41:27,302 - multipart.multipart - DEBUG - Calling on_part_end with no data
2021-03-16 09:41:27,302 - multipart.multipart - DEBUG - Calling on_end with no data
2021-03-16 09:42:49,072 - multipart.multipart - DEBUG - Calling on_part_begin with no data
2021-03-16 09:42:49,073 - multipart.multipart - DEBUG - Calling on_header_field with data[42:61]
2021-03-16 09:42:49,074 - multipart.multipart - DEBUG - Calling on_header_value with data[63:120]
2021-03-16 09:42:49,074 - multipart.multipart - DEBUG - Calling on_header_end with no data
2021-03-16 09:42:49,074 - multipart.multipart - DEBUG - Calling on_header_field with data[122:134]
2021-03-16 09:42:49,074 - multipart.multipart - DEBUG - Calling on_header_value with data[136:144]
2021-03-16 09:42:49,074 - multipart.multipart - DEBUG - Calling on_header_end with no data
2021-03-16 09:42:49,075 - multipart.multipart - DEBUG - Calling on_headers_finished with no data
2021-03-16 09:42:49,075 - multipart.multipart - DEBUG - Calling on_part_data with data[148:622]
2021-03-16 09:42:49,076 - multipart.multipart - DEBUG - Calling on_part_data with data[0:2]
2021-03-16 09:42:49,077 - multipart.multipart - DEBUG - Calling on_part_data with data[624:1531]
2021-03-16 09:42:49,077 - multipart.multipart - DEBUG - Calling on_part_data with data[0:2]
2021-03-16 09:42:49,077 - multipart.multipart - DEBUG - Calling on_part_data with data[1533:1797]
2021-03-16 09:42:49,078 - multipart.multipart - DEBUG - Calling on_part_data with data[0:2]
2021-03-16 09:42:49,078 - multipart.multipart - DEBUG - Calling on_part_data with data[1799:1810]
2021-03-16 09:42:49,079 - multipart.multipart - DEBUG - Calling on_part_end with no data
2021-03-16 09:42:49,079 - multipart.multipart - DEBUG - Calling on_end with no data
2021-03-16 10:02:23,726 - multipart.multipart - DEBUG - Calling on_part_begin with no data
2021-03-16 10:02:23,728 - multipart.multipart - DEBUG - Calling on_header_field with data[42:61]
2021-03-16 10:02:23,729 - multipart.multipart - DEBUG - Calling on_header_value with data[63:120]
2021-03-16 10:02:23,730 - multipart.multipart - DEBUG - Calling on_header_end with no data
2021-03-16 10:02:23,730 - multipart.multipart - DEBUG - Calling on_header_field with data[122:134]
2021-03-16 10:02:23,731 - multipart.multipart - DEBUG - Calling on_header_value with data[136:144]
2021-03-16 10:02:23,731 - multipart.multipart - DEBUG - Calling on_header_end with no data
2021-03-16 10:02:23,731 - multipart.multipart - DEBUG - Calling on_headers_finished with no data
2021-03-16 10:02:23,732 - multipart.multipart - DEBUG - Calling on_part_data with data[148:622]
2021-03-16 10:02:23,732 - multipart.multipart - DEBUG - Calling on_part_data with data[0:2]
2021-03-16 10:02:23,733 - multipart.multipart - DEBUG - Calling on_part_data with data[624:982]
2021-03-16 10:02:23,733 - multipart.multipart - DEBUG - Calling on_part_data with data[0:2]
2021-03-16 10:02:23,734 - multipart.multipart - DEBUG - Calling on_part_data with data[984:1031]
2021-03-16 10:02:23,734 - multipart.multipart - DEBUG - Calling on_part_data with data[0:2]
2021-03-16 10:02:23,735 - multipart.multipart - DEBUG - Calling on_part_data with data[1033:1258]
2021-03-16 10:02:23,735 - multipart.multipart - DEBUG - Calling on_part_data with data[0:2]
2021-03-16 10:02:23,736 - multipart.multipart - DEBUG - Calling on_part_data with data[1260:1652]
2021-03-16 10:02:23,736 - multipart.multipart - DEBUG - Calling on_part_data with data[0:2]
2021-03-16 10:02:23,737 - multipart.multipart - DEBUG - Calling on_part_data with data[1654:1797]
2021-03-16 10:02:23,737 - multipart.multipart - DEBUG - Calling on_part_data with data[0:2]
2021-03-16 10:02:23,738 - multipart.multipart - DEBUG - Calling on_part_data with data[1799:1810]
2021-03-16 10:02:23,738 - multipart.multipart - DEBUG - Calling on_part_end with no data
2021-03-16 10:02:23,739 - multipart.multipart - DEBUG - Calling on_end with no data
2021-03-16 10:02:37,208 - multipart.multipart - DEBUG - Calling on_part_begin with no data
2021-03-16 10:02:37,209 - multipart.multipart - DEBUG - Calling on_header_field with data[42:61]
2021-03-16 10:02:37,209 - multipart.multipart - DEBUG - Calling on_header_value with data[63:120]
2021-03-16 10:02:37,209 - multipart.multipart - DEBUG - Calling on_header_end with no data
2021-03-16 10:02:37,210 - multipart.multipart - DEBUG - Calling on_header_field with data[122:134]
2021-03-16 10:02:37,210 - multipart.multipart - DEBUG - Calling on_header_value with data[136:144]
2021-03-16 10:02:37,210 - multipart.multipart - DEBUG - Calling on_header_end with no data
2021-03-16 10:02:37,210 - multipart.multipart - DEBUG - Calling on_headers_finished with no data
2021-03-16 10:02:37,211 - multipart.multipart - DEBUG - Calling on_part_data with data[148:622]
2021-03-16 10:02:37,211 - multipart.multipart - DEBUG - Calling on_part_data with data[0:2]
2021-03-16 10:02:37,211 - multipart.multipart - DEBUG - Calling on_part_data with data[624:1531]
2021-03-16 10:02:37,212 - multipart.multipart - DEBUG - Calling on_part_data with data[0:2]
2021-03-16 10:02:37,212 - multipart.multipart - DEBUG - Calling on_part_data with data[1533:1576]
2021-03-16 10:02:37,212 - multipart.multipart - DEBUG - Calling on_part_data with data[0:2]
2021-03-16 10:02:37,212 - multipart.multipart - DEBUG - Calling on_part_data with data[1578:1797]
2021-03-16 10:02:37,213 - multipart.multipart - DEBUG - Calling on_part_data with data[0:2]
2021-03-16 10:02:37,213 - multipart.multipart - DEBUG - Calling on_part_data with data[1799:1810]
2021-03-16 10:02:37,213 - multipart.multipart - DEBUG - Calling on_part_end with no data
2021-03-16 10:02:37,214 - multipart.multipart - DEBUG - Calling on_end with no data
2021-03-16 10:03:11,779 - multipart.multipart - DEBUG - Calling on_part_begin with no data
2021-03-16 10:03:11,779 - multipart.multipart - DEBUG - Calling on_header_field with data[42:61]
2021-03-16 10:03:11,780 - multipart.multipart - DEBUG - Calling on_header_value with data[63:120]
2021-03-16 10:03:11,780 - multipart.multipart - DEBUG - Calling on_header_end with no data
2021-03-16 10:03:11,780 - multipart.multipart - DEBUG - Calling on_header_field with data[122:134]
2021-03-16 10:03:11,780 - multipart.multipart - DEBUG - Calling on_header_value with data[136:144]
2021-03-16 10:03:11,780 - multipart.multipart - DEBUG - Calling on_header_end with no data
2021-03-16 10:03:11,780 - multipart.multipart - DEBUG - Calling on_headers_finished with no data
2021-03-16 10:03:11,781 - multipart.multipart - DEBUG - Calling on_part_data with data[148:622]
2021-03-16 10:03:11,781 - multipart.multipart - DEBUG - Calling on_part_data with data[0:2]
2021-03-16 10:03:11,781 - multipart.multipart - DEBUG - Calling on_part_data with data[624:1531]
2021-03-16 10:03:11,782 - multipart.multipart - DEBUG - Calling on_part_data with data[0:2]
2021-03-16 10:03:11,782 - multipart.multipart - DEBUG - Calling on_part_data with data[1533:1576]
2021-03-16 10:03:11,782 - multipart.multipart - DEBUG - Calling on_part_data with data[0:2]
2021-03-16 10:03:11,782 - multipart.multipart - DEBUG - Calling on_part_data with data[1578:1797]
2021-03-16 10:03:11,782 - multipart.multipart - DEBUG - Calling on_part_data with data[0:2]
2021-03-16 10:03:11,782 - multipart.multipart - DEBUG - Calling on_part_data with data[1799:1810]
2021-03-16 10:03:11,783 - multipart.multipart - DEBUG - Calling on_part_end with no data
2021-03-16 10:03:11,783 - multipart.multipart - DEBUG - Calling on_end with no data
2021-03-16 10:03:51,647 - multipart.multipart - DEBUG - Calling on_part_begin with no data
2021-03-16 10:03:51,647 - multipart.multipart - DEBUG - Calling on_header_field with data[42:61]
2021-03-16 10:03:51,648 - multipart.multipart - DEBUG - Calling on_header_value with data[63:120]
2021-03-16 10:03:51,648 - multipart.multipart - DEBUG - Calling on_header_end with no data
2021-03-16 10:03:51,648 - multipart.multipart - DEBUG - Calling on_header_field with data[122:134]
2021-03-16 10:03:51,648 - multipart.multipart - DEBUG - Calling on_header_value with data[136:144]
2021-03-16 10:03:51,649 - multipart.multipart - DEBUG - Calling on_header_end with no data
2021-03-16 10:03:51,649 - multipart.multipart - DEBUG - Calling on_headers_finished with no data
2021-03-16 10:03:51,649 - multipart.multipart - DEBUG - Calling on_part_data with data[148:622]
2021-03-16 10:03:51,650 - multipart.multipart - DEBUG - Calling on_part_data with data[0:2]
2021-03-16 10:03:51,650 - multipart.multipart - DEBUG - Calling on_part_data with data[624:1531]
2021-03-16 10:03:51,650 - multipart.multipart - DEBUG - Calling on_part_data with data[0:2]
2021-03-16 10:03:51,651 - multipart.multipart - DEBUG - Calling on_part_data with data[1533:1797]
2021-03-16 10:03:51,651 - multipart.multipart - DEBUG - Calling on_part_data with data[0:2]
2021-03-16 10:03:51,651 - multipart.multipart - DEBUG - Calling on_part_data with data[1799:1810]
2021-03-16 10:03:51,652 - multipart.multipart - DEBUG - Calling on_part_end with no data
2021-03-16 10:03:51,652 - multipart.multipart - DEBUG - Calling on_end with no data
2021-03-16 10:04:15,911 - multipart.multipart - DEBUG - Calling on_part_begin with no data
2021-03-16 10:04:15,912 - multipart.multipart - DEBUG - Calling on_header_field with data[42:61]
2021-03-16 10:04:15,912 - multipart.multipart - DEBUG - Calling on_header_value with data[63:120]
2021-03-16 10:04:15,912 - multipart.multipart - DEBUG - Calling on_header_end with no data
2021-03-16 10:04:15,912 - multipart.multipart - DEBUG - Calling on_header_field with data[122:134]
2021-03-16 10:04:15,913 - multipart.multipart - DEBUG - Calling on_header_value with data[136:144]
2021-03-16 10:04:15,913 - multipart.multipart - DEBUG - Calling on_header_end with no data
2021-03-16 10:04:15,913 - multipart.multipart - DEBUG - Calling on_headers_finished with no data
2021-03-16 10:04:15,913 - multipart.multipart - DEBUG - Calling on_part_data with data[148:622]
2021-03-16 10:04:15,913 - multipart.multipart - DEBUG - Calling on_part_data with data[0:2]
2021-03-16 10:04:15,914 - multipart.multipart - DEBUG - Calling on_part_data with data[624:1531]
2021-03-16 10:04:15,914 - multipart.multipart - DEBUG - Calling on_part_data with data[0:2]
2021-03-16 10:04:15,914 - multipart.multipart - DEBUG - Calling on_part_data with data[1533:1797]
2021-03-16 10:04:15,915 - multipart.multipart - DEBUG - Calling on_part_data with data[0:2]
2021-03-16 10:04:15,915 - multipart.multipart - DEBUG - Calling on_part_data with data[1799:1810]
2021-03-16 10:04:15,915 - multipart.multipart - DEBUG - Calling on_part_end with no data
2021-03-16 10:04:15,916 - multipart.multipart - DEBUG - Calling on_end with no data
2021-03-16 11:11:58,719 - multipart.multipart - DEBUG - Calling on_part_begin with no data
2021-03-16 11:11:58,721 - multipart.multipart - DEBUG - Calling on_header_field with data[42:61]
2021-03-16 11:11:58,722 - multipart.multipart - DEBUG - Calling on_header_value with data[63:120]
2021-03-16 11:11:58,722 - multipart.multipart - DEBUG - Calling on_header_end with no data
2021-03-16 11:11:58,723 - multipart.multipart - DEBUG - Calling on_header_field with data[122:134]
2021-03-16 11:11:58,723 - multipart.multipart - DEBUG - Calling on_header_value with data[136:144]
2021-03-16 11:11:58,723 - multipart.multipart - DEBUG - Calling on_header_end with no data
2021-03-16 11:11:58,723 - multipart.multipart - DEBUG - Calling on_headers_finished with no data
2021-03-16 11:11:58,724 - multipart.multipart - DEBUG - Calling on_part_data with data[148:1531]
2021-03-16 11:11:58,724 - multipart.multipart - DEBUG - Calling on_part_data with data[0:2]
2021-03-16 11:11:58,725 - multipart.multipart - DEBUG - Calling on_part_data with data[1533:1576]
2021-03-16 11:11:58,725 - multipart.multipart - DEBUG - Calling on_part_data with data[0:2]
2021-03-16 11:11:58,725 - multipart.multipart - DEBUG - Calling on_part_data with data[1578:1797]
2021-03-16 11:11:58,725 - multipart.multipart - DEBUG - Calling on_part_data with data[0:2]
2021-03-16 11:11:58,726 - multipart.multipart - DEBUG - Calling on_part_data with data[1799:1810]
2021-03-16 11:11:58,726 - multipart.multipart - DEBUG - Calling on_part_end with no data
2021-03-16 11:11:58,726 - multipart.multipart - DEBUG - Calling on_end with no data
2021-05-07 12:07:47,389 - asyncio - DEBUG - Using selector: SelectSelector
2021-05-07 12:24:59,752 - asyncio - DEBUG - Using selector: SelectSelector
2021-05-07 12:27:13,436 - asyncio - DEBUG - Using selector: SelectSelector
2021-05-07 12:27:30,995 - asyncio - DEBUG - Using selector: SelectSelector
2021-05-07 12:29:37,417 - asyncio - DEBUG - Using selector: SelectSelector
2021-05-07 14:11:45,075 - asyncio - DEBUG - Using selector: SelectSelector
